2025-09-28 01:36:56,639 - __main__ - INFO - Starting Enhanced Railway Control System...
2025-09-28 01:36:56,781 - __main__ - INFO - Initializing Enhanced Traffic Control System...
2025-09-28 01:36:56,782 - core_simulation - INFO - Generating synthetic training data...
2025-09-28 01:36:56,819 - core_simulation - INFO - Training ML ETA prediction model...
2025-09-28 01:36:58,130 - optimizers - INFO - ML Model trained - Train R²: 0.994, Test R²: 0.965
2025-09-28 01:36:58,131 - core_simulation - INFO - ML model initialized with accuracy: 0.965
2025-09-28 01:36:58,132 - __main__ - INFO - Adding default trains...
2025-09-28 01:36:58,133 - core_simulation - INFO - Added 12 default trains
2025-09-28 01:36:58,133 - __main__ - INFO - Starting simulation loop...
2025-09-28 01:36:58,133 - __main__ - INFO - System initialization complete
2025-09-28 01:37:07,989 - __main__ - INFO - WebSocket connection established
2025-09-28 01:37:08,259 - optimizers - INFO - Generated 2 optimization recommendations
2025-09-28 01:37:08,268 - __main__ - INFO - WebSocket connection closed
2025-09-28 01:37:08,316 - __main__ - INFO - WebSocket connection established
2025-09-28 01:37:08,544 - optimizers - INFO - Generated 2 optimization recommendations
2025-09-28 01:37:11,323 - __main__ - INFO - WebSocket connection established
2025-09-28 01:37:12,115 - optimizers - INFO - Generated 2 optimization recommendations
2025-09-28 01:37:12,138 - __main__ - INFO - WebSocket connection established
2025-09-28 01:37:12,968 - optimizers - INFO - Generated 2 optimization recommendations
2025-09-28 01:37:17,157 - __main__ - INFO - Simulation control action: start
2025-09-28 01:37:17,158 - core_simulation - INFO - Simulation started
2025-09-28 01:37:17,985 - optimizers - INFO - Generated 2 optimization recommendations
2025-09-28 01:37:18,909 - optimizers - INFO - Generated 2 optimization recommendations
2025-09-28 01:37:20,773 - optimizers - INFO - Generated 2 optimization recommendations
2025-09-28 01:37:22,650 - optimizers - INFO - Generated 2 optimization recommendations
2025-09-28 01:37:24,516 - optimizers - INFO - Generated 2 optimization recommendations
2025-09-28 01:37:26,591 - optimizers - INFO - Generated 2 optimization recommendations
2025-09-28 01:37:28,373 - optimizers - INFO - Generated 2 optimization recommendations
2025-09-28 01:37:30,136 - optimizers - INFO - Generated 2 optimization recommendations
2025-09-28 01:37:31,888 - optimizers - INFO - Generated 2 optimization recommendations
2025-09-28 01:37:33,796 - optimizers - INFO - Generated 2 optimization recommendations
2025-09-28 01:37:35,588 - optimizers - INFO - Generated 2 optimization recommendations
2025-09-28 01:37:37,448 - optimizers - INFO - Generated 2 optimization recommendations
2025-09-28 01:37:39,397 - optimizers - INFO - Generated 2 optimization recommendations
2025-09-28 01:37:41,474 - optimizers - INFO - Generated 2 optimization recommendations
2025-09-28 01:37:43,253 - optimizers - INFO - Generated 2 optimization recommendations
2025-09-28 01:37:45,022 - optimizers - INFO - Generated 2 optimization recommendations
2025-09-28 01:37:46,932 - optimizers - INFO - Generated 1 optimization recommendations
2025-09-28 01:37:48,717 - optimizers - INFO - Generated 1 optimization recommendations
2025-09-28 01:37:50,483 - optimizers - INFO - Generated 1 optimization recommendations
2025-09-28 01:37:52,219 - optimizers - INFO - Generated 1 optimization recommendations
2025-09-28 01:37:54,025 - optimizers - INFO - Generated 1 optimization recommendations
2025-09-28 01:37:55,775 - optimizers - INFO - Generated 1 optimization recommendations
2025-09-28 01:37:57,596 - optimizers - INFO - Generated 1 optimization recommendations
2025-09-28 01:37:59,293 - optimizers - INFO - Generated 1 optimization recommendations
2025-09-28 01:38:00,938 - optimizers - INFO - Generated 1 optimization recommendations
2025-09-28 01:38:02,715 - optimizers - INFO - Generated 1 optimization recommendations
2025-09-28 01:38:04,413 - optimizers - INFO - Generated 1 optimization recommendations
2025-09-28 01:38:06,570 - optimizers - INFO - Generated 1 optimization recommendations
2025-09-28 01:38:08,802 - optimizers - INFO - Generated 1 optimization recommendations
2025-09-28 01:38:11,035 - optimizers - INFO - Generated 1 optimization recommendations
2025-09-28 01:38:13,256 - optimizers - INFO - Generated 1 optimization recommendations
2025-09-28 01:38:13,277 - __main__ - INFO - Injecting delay: T5, 5min
2025-09-28 01:38:13,278 - core_simulation - INFO - Injected 5min delay to train T5
2025-09-28 01:38:13,905 - optimizers - INFO - Generated 1 optimization recommendations
2025-09-28 01:38:15,263 - optimizers - INFO - Generated 1 optimization recommendations
2025-09-28 01:38:17,296 - optimizers - INFO - Generated 3 optimization recommendations
2025-09-28 01:38:19,402 - optimizers - INFO - Generated 3 optimization recommendations
2025-09-28 01:38:21,466 - optimizers - INFO - Generated 3 optimization recommendations
2025-09-28 01:38:23,517 - optimizers - INFO - Generated 3 optimization recommendations
2025-09-28 01:38:25,573 - optimizers - INFO - Generated 3 optimization recommendations
2025-09-28 01:38:27,664 - optimizers - INFO - Generated 3 optimization recommendations
2025-09-28 01:38:29,704 - optimizers - INFO - Generated 3 optimization recommendations
2025-09-28 01:38:31,754 - optimizers - INFO - Generated 3 optimization recommendations
2025-09-28 01:38:33,802 - optimizers - INFO - Generated 3 optimization recommendations
2025-09-28 01:38:35,924 - optimizers - INFO - Generated 3 optimization recommendations
2025-09-28 01:38:38,006 - optimizers - INFO - Generated 3 optimization recommendations
2025-09-28 01:38:40,109 - optimizers - INFO - Generated 3 optimization recommendations
2025-09-28 01:38:42,143 - optimizers - INFO - Generated 3 optimization recommendations
2025-09-28 01:38:44,139 - optimizers - INFO - Generated 3 optimization recommendations
2025-09-28 01:38:46,063 - optimizers - INFO - Generated 3 optimization recommendations
2025-09-28 01:38:48,092 - optimizers - INFO - Generated 3 optimization recommendations
2025-09-28 01:38:50,071 - optimizers - INFO - Generated 3 optimization recommendations
2025-09-28 01:38:52,054 - optimizers - INFO - Generated 3 optimization recommendations
2025-09-28 01:38:54,040 - optimizers - INFO - Generated 3 optimization recommendations
2025-09-28 01:38:56,044 - optimizers - INFO - Generated 3 optimization recommendations
2025-09-28 01:38:58,047 - optimizers - INFO - Generated 4 optimization recommendations
2025-09-28 01:39:00,102 - optimizers - INFO - Generated 4 optimization recommendations
2025-09-28 01:39:02,005 - optimizers - INFO - Generated 4 optimization recommendations
2025-09-28 01:39:03,903 - optimizers - INFO - Generated 4 optimization recommendations
2025-09-28 01:39:05,797 - optimizers - INFO - Generated 4 optimization recommendations
2025-09-28 01:39:07,730 - optimizers - INFO - Generated 4 optimization recommendations
2025-09-28 01:39:09,647 - optimizers - INFO - Generated 4 optimization recommendations
2025-09-28 01:39:11,557 - optimizers - INFO - Generated 4 optimization recommendations
2025-09-28 01:39:13,480 - optimizers - INFO - Generated 4 optimization recommendations
2025-09-28 01:39:15,392 - optimizers - INFO - Generated 4 optimization recommendations
2025-09-28 01:39:17,266 - optimizers - INFO - Generated 3 optimization recommendations
2025-09-28 01:39:19,097 - optimizers - INFO - Generated 5 optimization recommendations
2025-09-28 01:39:20,934 - optimizers - INFO - Generated 5 optimization recommendations
2025-09-28 01:39:22,772 - optimizers - INFO - Generated 5 optimization recommendations
2025-09-28 01:39:24,619 - optimizers - INFO - Generated 5 optimization recommendations
2025-09-28 01:39:26,460 - optimizers - INFO - Generated 5 optimization recommendations
2025-09-28 01:39:28,231 - optimizers - INFO - Generated 5 optimization recommendations
2025-09-28 01:39:30,003 - optimizers - INFO - Generated 5 optimization recommendations
2025-09-28 01:39:31,811 - optimizers - INFO - Generated 5 optimization recommendations
2025-09-28 01:39:33,607 - optimizers - INFO - Generated 5 optimization recommendations
2025-09-28 01:39:35,375 - optimizers - INFO - Generated 5 optimization recommendations
2025-09-28 01:39:37,136 - optimizers - INFO - Generated 5 optimization recommendations
2025-09-28 01:39:38,905 - optimizers - INFO - Generated 5 optimization recommendations
2025-09-28 01:39:40,669 - optimizers - INFO - Generated 5 optimization recommendations
2025-09-28 01:39:42,437 - optimizers - INFO - Generated 5 optimization recommendations
2025-09-28 01:39:44,226 - optimizers - INFO - Generated 5 optimization recommendations
2025-09-28 01:39:46,006 - optimizers - INFO - Generated 5 optimization recommendations
2025-09-28 01:39:47,776 - optimizers - INFO - Generated 5 optimization recommendations
2025-09-28 01:39:49,526 - optimizers - INFO - Generated 5 optimization recommendations
2025-09-28 01:39:51,182 - optimizers - INFO - Generated 5 optimization recommendations
2025-09-28 01:39:52,770 - optimizers - INFO - Generated 5 optimization recommendations
2025-09-28 01:39:54,447 - optimizers - INFO - Generated 5 optimization recommendations
2025-09-28 01:39:56,138 - optimizers - INFO - Generated 5 optimization recommendations
2025-09-28 01:39:57,834 - optimizers - INFO - Generated 5 optimization recommendations
2025-09-28 01:39:59,423 - optimizers - INFO - Generated 5 optimization recommendations
2025-09-28 01:40:01,093 - optimizers - INFO - Generated 5 optimization recommendations
2025-09-28 01:40:02,808 - optimizers - INFO - Generated 5 optimization recommendations
2025-09-28 01:40:04,507 - optimizers - INFO - Generated 5 optimization recommendations
2025-09-28 01:40:06,101 - optimizers - INFO - Generated 5 optimization recommendations
2025-09-28 01:40:07,854 - optimizers - INFO - Generated 5 optimization recommendations
2025-09-28 01:40:09,561 - optimizers - INFO - Generated 5 optimization recommendations
2025-09-28 01:40:11,159 - optimizers - INFO - Generated 5 optimization recommendations
2025-09-28 01:40:12,743 - optimizers - INFO - Generated 5 optimization recommendations
2025-09-28 01:40:14,479 - optimizers - INFO - Generated 5 optimization recommendations
2025-09-28 01:40:16,184 - optimizers - INFO - Generated 5 optimization recommendations
2025-09-28 01:40:17,800 - optimizers - INFO - Generated 5 optimization recommendations
2025-09-28 01:40:19,501 - optimizers - INFO - Generated 5 optimization recommendations
2025-09-28 01:40:21,199 - optimizers - INFO - Generated 5 optimization recommendations
2025-09-28 01:40:22,853 - optimizers - INFO - Generated 5 optimization recommendations
2025-09-28 01:40:24,570 - optimizers - INFO - Generated 5 optimization recommendations
2025-09-28 01:40:26,218 - optimizers - INFO - Generated 5 optimization recommendations
2025-09-28 01:40:27,899 - optimizers - INFO - Generated 5 optimization recommendations
2025-09-28 01:40:29,491 - optimizers - INFO - Generated 5 optimization recommendations
2025-09-28 01:40:31,189 - optimizers - INFO - Generated 5 optimization recommendations
2025-09-28 01:40:32,892 - optimizers - INFO - Generated 5 optimization recommendations
2025-09-28 01:40:34,583 - optimizers - INFO - Generated 5 optimization recommendations
2025-09-28 01:40:36,292 - optimizers - INFO - Generated 5 optimization recommendations
2025-09-28 01:40:37,975 - optimizers - INFO - Generated 5 optimization recommendations
2025-09-28 01:40:39,657 - optimizers - INFO - Generated 5 optimization recommendations
2025-09-28 01:40:41,363 - optimizers - INFO - Generated 5 optimization recommendations
2025-09-28 01:40:43,060 - optimizers - INFO - Generated 5 optimization recommendations
2025-09-28 01:40:44,750 - optimizers - INFO - Generated 5 optimization recommendations
2025-09-28 01:40:46,449 - optimizers - INFO - Generated 5 optimization recommendations
2025-09-28 01:40:48,149 - optimizers - INFO - Generated 5 optimization recommendations
2025-09-28 01:40:49,796 - optimizers - INFO - Generated 5 optimization recommendations
2025-09-28 01:40:51,487 - optimizers - INFO - Generated 5 optimization recommendations
2025-09-28 01:40:53,070 - optimizers - INFO - Generated 5 optimization recommendations
2025-09-28 01:40:54,767 - optimizers - INFO - Generated 5 optimization recommendations
2025-09-28 01:40:56,438 - optimizers - INFO - Generated 5 optimization recommendations
2025-09-28 01:40:58,118 - optimizers - INFO - Generated 5 optimization recommendations
2025-09-28 01:40:59,718 - optimizers - INFO - Generated 5 optimization recommendations
2025-09-28 01:41:01,355 - optimizers - INFO - Generated 5 optimization recommendations
2025-09-28 01:41:03,033 - optimizers - INFO - Generated 5 optimization recommendations
2025-09-28 01:41:04,720 - optimizers - INFO - Generated 5 optimization recommendations
2025-09-28 01:41:06,413 - optimizers - INFO - Generated 5 optimization recommendations
2025-09-28 01:41:08,122 - optimizers - INFO - Generated 5 optimization recommendations
2025-09-28 01:41:09,723 - optimizers - INFO - Generated 5 optimization recommendations
2025-09-28 01:41:11,431 - optimizers - INFO - Generated 5 optimization recommendations
2025-09-28 01:41:12,985 - optimizers - INFO - Generated 5 optimization recommendations
2025-09-28 01:41:14,553 - optimizers - INFO - Generated 5 optimization recommendations
2025-09-28 01:41:16,156 - optimizers - INFO - Generated 5 optimization recommendations
2025-09-28 01:41:17,734 - optimizers - INFO - Generated 5 optimization recommendations
2025-09-28 01:41:19,286 - optimizers - INFO - Generated 5 optimization recommendations
2025-09-28 01:41:20,886 - optimizers - INFO - Generated 5 optimization recommendations
2025-09-28 01:41:22,549 - optimizers - INFO - Generated 5 optimization recommendations
2025-09-28 01:41:24,208 - optimizers - INFO - Generated 5 optimization recommendations
2025-09-28 01:41:25,764 - optimizers - INFO - Generated 5 optimization recommendations
2025-09-28 01:41:27,326 - optimizers - INFO - Generated 5 optimization recommendations
2025-09-28 01:41:28,894 - optimizers - INFO - Generated 5 optimization recommendations
2025-09-28 01:41:30,470 - optimizers - INFO - Generated 5 optimization recommendations
2025-09-28 01:41:32,037 - optimizers - INFO - Generated 5 optimization recommendations
2025-09-28 01:41:33,607 - optimizers - INFO - Generated 5 optimization recommendations
2025-09-28 01:41:35,177 - optimizers - INFO - Generated 5 optimization recommendations
2025-09-28 01:41:36,721 - optimizers - INFO - Generated 5 optimization recommendations
2025-09-28 01:41:38,277 - optimizers - INFO - Generated 5 optimization recommendations
2025-09-28 01:41:39,824 - optimizers - INFO - Generated 5 optimization recommendations
2025-09-28 01:41:41,371 - optimizers - INFO - Generated 5 optimization recommendations
2025-09-28 01:41:42,921 - optimizers - INFO - Generated 5 optimization recommendations
2025-09-28 01:41:44,556 - optimizers - INFO - Generated 5 optimization recommendations
2025-09-28 01:41:46,138 - optimizers - INFO - Generated 5 optimization recommendations
2025-09-28 01:41:47,754 - optimizers - INFO - Generated 5 optimization recommendations
2025-09-28 01:41:49,436 - optimizers - INFO - Generated 5 optimization recommendations
2025-09-28 01:41:51,125 - optimizers - INFO - Generated 5 optimization recommendations
2025-09-28 01:41:52,801 - optimizers - INFO - Generated 5 optimization recommendations
2025-09-28 01:41:54,488 - optimizers - INFO - Generated 5 optimization recommendations
2025-09-28 01:41:56,182 - optimizers - INFO - Generated 5 optimization recommendations
2025-09-28 01:41:57,928 - optimizers - INFO - Generated 5 optimization recommendations
2025-09-28 01:41:59,591 - optimizers - INFO - Generated 5 optimization recommendations
2025-09-28 01:42:01,246 - optimizers - INFO - Generated 5 optimization recommendations
2025-09-28 01:42:02,944 - optimizers - INFO - Generated 5 optimization recommendations
2025-09-28 01:42:04,623 - optimizers - INFO - Generated 5 optimization recommendations
2025-09-28 01:42:06,317 - optimizers - INFO - Generated 5 optimization recommendations
2025-09-28 01:42:08,018 - optimizers - INFO - Generated 5 optimization recommendations
2025-09-28 01:42:09,712 - optimizers - INFO - Generated 5 optimization recommendations
2025-09-28 01:42:11,385 - optimizers - INFO - Generated 5 optimization recommendations
2025-09-28 01:42:13,075 - optimizers - INFO - Generated 5 optimization recommendations
2025-09-28 01:42:14,765 - optimizers - INFO - Generated 5 optimization recommendations
2025-09-28 01:42:16,528 - optimizers - INFO - Generated 5 optimization recommendations
2025-09-28 01:42:18,231 - optimizers - INFO - Generated 5 optimization recommendations
2025-09-28 01:42:19,940 - optimizers - INFO - Generated 5 optimization recommendations
2025-09-28 01:42:21,637 - optimizers - INFO - Generated 5 optimization recommendations
2025-09-28 01:42:23,304 - optimizers - INFO - Generated 5 optimization recommendations
2025-09-28 01:42:25,000 - optimizers - INFO - Generated 5 optimization recommendations
2025-09-28 01:42:26,584 - optimizers - INFO - Generated 5 optimization recommendations
2025-09-28 01:42:28,279 - optimizers - INFO - Generated 5 optimization recommendations
2025-09-28 01:42:29,959 - optimizers - INFO - Generated 5 optimization recommendations
2025-09-28 01:42:31,667 - optimizers - INFO - Generated 5 optimization recommendations
2025-09-28 01:42:33,362 - optimizers - INFO - Generated 5 optimization recommendations
2025-09-28 01:42:35,054 - optimizers - INFO - Generated 5 optimization recommendations
2025-09-28 01:42:36,681 - optimizers - INFO - Generated 5 optimization recommendations
2025-09-28 01:42:38,378 - optimizers - INFO - Generated 5 optimization recommendations
2025-09-28 01:42:40,010 - optimizers - INFO - Generated 5 optimization recommendations
2025-09-28 01:42:41,728 - optimizers - INFO - Generated 5 optimization recommendations
2025-09-28 01:42:43,381 - optimizers - INFO - Generated 5 optimization recommendations
2025-09-28 01:42:45,088 - optimizers - INFO - Generated 5 optimization recommendations
2025-09-28 01:42:46,795 - optimizers - INFO - Generated 5 optimization recommendations
2025-09-28 01:42:48,501 - optimizers - INFO - Generated 5 optimization recommendations
2025-09-28 01:42:50,207 - optimizers - INFO - Generated 5 optimization recommendations
2025-09-28 01:42:52,033 - optimizers - INFO - Generated 5 optimization recommendations
2025-09-28 01:42:53,710 - optimizers - INFO - Generated 5 optimization recommendations
2025-09-28 01:42:55,430 - optimizers - INFO - Generated 5 optimization recommendations
2025-09-28 01:42:57,184 - optimizers - INFO - Generated 5 optimization recommendations
2025-09-28 01:42:59,152 - optimizers - INFO - Generated 5 optimization recommendations
2025-09-28 01:43:00,878 - optimizers - INFO - Generated 5 optimization recommendations
2025-09-28 01:43:02,573 - optimizers - INFO - Generated 5 optimization recommendations
2025-09-28 01:43:04,255 - optimizers - INFO - Generated 5 optimization recommendations
2025-09-28 01:43:06,084 - optimizers - INFO - Generated 5 optimization recommendations
2025-09-28 01:43:07,796 - optimizers - INFO - Generated 5 optimization recommendations
2025-09-28 01:43:09,511 - optimizers - INFO - Generated 5 optimization recommendations
2025-09-28 01:43:11,122 - optimizers - INFO - Generated 5 optimization recommendations
2025-09-28 01:43:12,743 - optimizers - INFO - Generated 5 optimization recommendations
2025-09-28 01:43:14,405 - optimizers - INFO - Generated 5 optimization recommendations
2025-09-28 01:43:16,119 - optimizers - INFO - Generated 5 optimization recommendations
2025-09-28 01:43:17,835 - optimizers - INFO - Generated 5 optimization recommendations
2025-09-28 01:43:19,520 - optimizers - INFO - Generated 5 optimization recommendations
2025-09-28 01:43:21,132 - optimizers - INFO - Generated 5 optimization recommendations
2025-09-28 01:43:22,836 - optimizers - INFO - Generated 5 optimization recommendations
2025-09-28 01:43:24,548 - optimizers - INFO - Generated 5 optimization recommendations
2025-09-28 01:43:26,241 - optimizers - INFO - Generated 5 optimization recommendations
2025-09-28 01:43:27,893 - optimizers - INFO - Generated 5 optimization recommendations
2025-09-28 01:43:29,623 - optimizers - INFO - Generated 5 optimization recommendations
2025-09-28 01:43:31,451 - optimizers - INFO - Generated 5 optimization recommendations
2025-09-28 01:43:33,182 - optimizers - INFO - Generated 5 optimization recommendations
2025-09-28 01:43:34,762 - optimizers - INFO - Generated 5 optimization recommendations
2025-09-28 01:43:36,350 - optimizers - INFO - Generated 5 optimization recommendations
2025-09-28 01:43:38,046 - optimizers - INFO - Generated 5 optimization recommendations
2025-09-28 01:43:39,747 - optimizers - INFO - Generated 5 optimization recommendations
2025-09-28 01:43:41,456 - optimizers - INFO - Generated 5 optimization recommendations
2025-09-28 01:43:43,145 - optimizers - INFO - Generated 5 optimization recommendations
2025-09-28 01:43:44,961 - optimizers - INFO - Generated 5 optimization recommendations
2025-09-28 01:43:46,623 - optimizers - INFO - Generated 5 optimization recommendations
2025-09-28 01:43:48,277 - optimizers - INFO - Generated 5 optimization recommendations
2025-09-28 01:43:49,990 - optimizers - INFO - Generated 5 optimization recommendations
2025-09-28 01:43:51,711 - optimizers - INFO - Generated 5 optimization recommendations
2025-09-28 01:43:53,378 - optimizers - INFO - Generated 5 optimization recommendations
2025-09-28 01:43:53,387 - __main__ - INFO - WebSocket connection closed
2025-09-28 01:43:53,391 - core_simulation - WARNING - Failed to send to websocket: 
2025-09-28 01:43:53,392 - core_simulation - ERROR - Failed to broadcast state: Set changed size during iteration
2025-09-28 01:43:53,584 - __main__ - INFO - WebSocket connection established
2025-09-28 01:43:53,693 - optimizers - INFO - Generated 5 optimization recommendations
2025-09-28 01:43:55,015 - optimizers - INFO - Generated 5 optimization recommendations
2025-09-28 01:43:56,673 - optimizers - INFO - Generated 5 optimization recommendations
2025-09-28 01:43:57,472 - __main__ - INFO - WebSocket connection established
2025-09-28 01:43:57,613 - optimizers - INFO - Generated 5 optimization recommendations
2025-09-28 01:43:58,338 - optimizers - INFO - Generated 5 optimization recommendations
2025-09-28 01:44:00,087 - optimizers - INFO - Generated 5 optimization recommendations
2025-09-28 01:44:00,278 - __main__ - INFO - WebSocket connection closed
2025-09-28 01:44:00,286 - __main__ - INFO - WebSocket connection closed
2025-09-28 01:44:00,288 - __main__ - INFO - WebSocket connection closed
2025-09-28 01:44:00,289 - __main__ - INFO - WebSocket connection closed
2025-09-28 01:44:01,169 - __main__ - INFO - WebSocket connection established
2025-09-28 01:44:01,252 - optimizers - INFO - Generated 5 optimization recommendations
2025-09-28 01:44:01,738 - optimizers - INFO - Generated 5 optimization recommendations
2025-09-28 01:44:03,435 - optimizers - INFO - Generated 5 optimization recommendations
2025-09-28 01:44:04,177 - __main__ - INFO - WebSocket connection established
2025-09-28 01:44:04,329 - optimizers - INFO - Generated 5 optimization recommendations
2025-09-28 01:44:05,022 - optimizers - INFO - Generated 5 optimization recommendations
2025-09-28 01:44:05,219 - __main__ - INFO - Simulation control action: reset
2025-09-28 01:44:05,222 - core_simulation - INFO - Added 12 default trains
2025-09-28 01:44:05,223 - core_simulation - INFO - Enhanced simulation reset successfully
2025-09-28 01:44:05,609 - optimizers - INFO - Generated 2 optimization recommendations
2025-09-28 01:44:07,796 - __main__ - INFO - Simulation control action: start
2025-09-28 01:44:07,798 - core_simulation - INFO - Simulation started
2025-09-28 01:44:08,652 - optimizers - INFO - Generated 2 optimization recommendations
2025-09-28 01:44:09,145 - optimizers - INFO - Generated 2 optimization recommendations
2025-09-28 01:44:11,295 - optimizers - INFO - Generated 2 optimization recommendations
2025-09-28 01:44:13,344 - optimizers - INFO - Generated 2 optimization recommendations
2025-09-28 01:44:15,465 - optimizers - INFO - Generated 2 optimization recommendations
2025-09-28 01:44:17,552 - optimizers - INFO - Generated 2 optimization recommendations
2025-09-28 01:44:19,002 - optimizers - INFO - Generated 2 optimization recommendations
2025-09-28 01:44:19,424 - optimizers - INFO - Generated 2 optimization recommendations
2025-09-28 01:44:19,984 - optimizers - INFO - Generated 2 optimization recommendations
2025-09-28 01:44:21,802 - optimizers - INFO - Generated 2 optimization recommendations
2025-09-28 01:44:23,818 - optimizers - INFO - Generated 2 optimization recommendations
2025-09-28 01:44:25,839 - optimizers - INFO - Generated 2 optimization recommendations
2025-09-28 01:44:26,348 - optimizers - INFO - Generated 2 optimization recommendations
2025-09-28 01:44:26,913 - optimizers - INFO - Generated 1 optimization recommendations
2025-09-28 01:44:27,693 - optimizers - INFO - Generated 1 optimization recommendations
2025-09-28 01:44:29,041 - optimizers - INFO - Generated 1 optimization recommendations
2025-09-28 01:44:29,391 - optimizers - INFO - Generated 1 optimization recommendations
2025-09-28 01:44:29,847 - optimizers - INFO - Generated 1 optimization recommendations
2025-09-28 01:44:31,765 - optimizers - INFO - Generated 1 optimization recommendations
2025-09-28 01:44:33,633 - optimizers - INFO - Generated 1 optimization recommendations
2025-09-28 01:44:34,623 - optimizers - INFO - Generated 1 optimization recommendations
2025-09-28 01:44:34,837 - optimizers - INFO - Generated 0 optimization recommendations
2025-09-28 01:44:35,482 - optimizers - INFO - Generated 0 optimization recommendations
2025-09-28 01:44:37,268 - optimizers - INFO - Generated 0 optimization recommendations
2025-09-28 01:44:39,225 - optimizers - INFO - Generated 0 optimization recommendations
2025-09-28 01:44:41,061 - optimizers - INFO - Generated 0 optimization recommendations
2025-09-28 01:44:42,387 - __main__ - INFO - Injecting delay: T4, 5min
2025-09-28 01:44:42,387 - core_simulation - INFO - Injected 5min delay to train T4
2025-09-28 01:44:42,699 - optimizers - INFO - Generated 0 optimization recommendations
2025-09-28 01:44:42,961 - optimizers - INFO - Generated 0 optimization recommendations
2025-09-28 01:44:44,643 - optimizers - INFO - Generated 0 optimization recommendations
2025-09-28 01:44:46,409 - optimizers - INFO - Generated 0 optimization recommendations
2025-09-28 01:44:48,124 - optimizers - INFO - Generated 0 optimization recommendations
2025-09-28 01:44:49,958 - optimizers - INFO - Generated 0 optimization recommendations
2025-09-28 01:44:51,709 - optimizers - INFO - Generated 0 optimization recommendations
2025-09-28 01:44:53,526 - optimizers - INFO - Generated 0 optimization recommendations
2025-09-28 01:44:55,363 - optimizers - INFO - Generated 0 optimization recommendations
2025-09-28 01:44:57,364 - optimizers - INFO - Generated 0 optimization recommendations
2025-09-28 01:44:59,060 - optimizers - INFO - Generated 0 optimization recommendations
2025-09-28 01:45:00,713 - optimizers - INFO - Generated 0 optimization recommendations
2025-09-28 01:45:02,422 - optimizers - INFO - Generated 0 optimization recommendations
2025-09-28 01:45:03,305 - __main__ - INFO - WebSocket connection closed
2025-09-28 01:45:03,307 - __main__ - INFO - WebSocket connection closed
2025-09-28 01:45:03,777 - __main__ - INFO - WebSocket connection established
2025-09-28 01:45:03,922 - optimizers - INFO - Generated 0 optimization recommendations
2025-09-28 01:45:04,271 - optimizers - INFO - Generated 0 optimization recommendations
2025-09-28 01:45:06,014 - optimizers - INFO - Generated 0 optimization recommendations
2025-09-28 01:45:06,786 - __main__ - INFO - WebSocket connection established
2025-09-28 01:45:06,948 - optimizers - INFO - Generated 0 optimization recommendations
2025-09-28 01:45:07,731 - optimizers - INFO - Generated 2 optimization recommendations
2025-09-28 01:45:09,772 - optimizers - INFO - Generated 2 optimization recommendations
2025-09-28 01:45:11,504 - optimizers - INFO - Generated 2 optimization recommendations
2025-09-28 01:45:13,234 - optimizers - INFO - Generated 2 optimization recommendations
2025-09-28 01:45:14,925 - optimizers - INFO - Generated 2 optimization recommendations
2025-09-28 01:45:16,586 - optimizers - INFO - Generated 2 optimization recommendations
2025-09-28 01:45:18,275 - optimizers - INFO - Generated 4 optimization recommendations
2025-09-28 01:45:19,916 - optimizers - INFO - Generated 4 optimization recommendations
2025-09-28 01:45:21,574 - optimizers - INFO - Generated 4 optimization recommendations
2025-09-28 01:45:23,240 - optimizers - INFO - Generated 4 optimization recommendations
2025-09-28 01:45:24,880 - optimizers - INFO - Generated 2 optimization recommendations
2025-09-28 01:45:26,525 - optimizers - INFO - Generated 2 optimization recommendations
2025-09-28 01:45:28,147 - optimizers - INFO - Generated 2 optimization recommendations
2025-09-28 01:45:29,781 - optimizers - INFO - Generated 2 optimization recommendations
2025-09-28 01:45:31,406 - optimizers - INFO - Generated 2 optimization recommendations
2025-09-28 01:45:33,040 - optimizers - INFO - Generated 2 optimization recommendations
2025-09-28 01:45:34,662 - optimizers - INFO - Generated 2 optimization recommendations
2025-09-28 01:45:36,302 - optimizers - INFO - Generated 2 optimization recommendations
2025-09-28 01:45:37,934 - optimizers - INFO - Generated 2 optimization recommendations
2025-09-28 01:45:39,543 - optimizers - INFO - Generated 2 optimization recommendations
2025-09-28 01:45:41,161 - optimizers - INFO - Generated 3 optimization recommendations
2025-09-28 01:45:42,825 - optimizers - INFO - Generated 3 optimization recommendations
2025-09-28 01:45:44,468 - optimizers - INFO - Generated 3 optimization recommendations
2025-09-28 01:45:46,112 - optimizers - INFO - Generated 5 optimization recommendations
2025-09-28 01:45:47,809 - optimizers - INFO - Generated 5 optimization recommendations
2025-09-28 01:45:49,424 - optimizers - INFO - Generated 5 optimization recommendations
2025-09-28 01:45:51,033 - optimizers - INFO - Generated 5 optimization recommendations
2025-09-28 01:45:52,647 - optimizers - INFO - Generated 5 optimization recommendations
2025-09-28 01:45:54,264 - optimizers - INFO - Generated 5 optimization recommendations
2025-09-28 01:45:55,879 - optimizers - INFO - Generated 5 optimization recommendations
2025-09-28 01:45:57,499 - optimizers - INFO - Generated 4 optimization recommendations
2025-09-28 01:45:59,210 - optimizers - INFO - Generated 4 optimization recommendations
2025-09-28 01:46:00,881 - optimizers - INFO - Generated 4 optimization recommendations
2025-09-28 01:46:02,516 - optimizers - INFO - Generated 4 optimization recommendations
2025-09-28 01:46:04,112 - optimizers - INFO - Generated 4 optimization recommendations
2025-09-28 01:46:05,710 - optimizers - INFO - Generated 4 optimization recommendations
2025-09-28 01:46:07,304 - optimizers - INFO - Generated 4 optimization recommendations
2025-09-28 01:46:08,869 - optimizers - INFO - Generated 4 optimization recommendations
2025-09-28 01:46:10,459 - optimizers - INFO - Generated 4 optimization recommendations
2025-09-28 01:46:11,539 - optimizers - INFO - Generated 4 optimization recommendations
2025-09-28 01:46:11,610 - optimizers - INFO - Generated 3 optimization recommendations
2025-09-28 01:46:12,032 - optimizers - INFO - Generated 3 optimization recommendations
2025-09-28 01:46:13,609 - optimizers - INFO - Generated 3 optimization recommendations
2025-09-28 01:46:15,197 - optimizers - INFO - Generated 3 optimization recommendations
2025-09-28 01:46:16,765 - optimizers - INFO - Generated 3 optimization recommendations
2025-09-28 01:46:17,527 - optimizers - INFO - Generated 3 optimization recommendations
2025-09-28 01:46:17,607 - optimizers - INFO - Generated 3 optimization recommendations
2025-09-28 01:46:18,409 - optimizers - INFO - Generated 3 optimization recommendations
2025-09-28 01:46:20,032 - optimizers - INFO - Generated 3 optimization recommendations
2025-09-28 01:46:21,622 - optimizers - INFO - Generated 3 optimization recommendations
2025-09-28 01:46:23,213 - optimizers - INFO - Generated 3 optimization recommendations
2025-09-28 01:46:24,815 - optimizers - INFO - Generated 3 optimization recommendations
2025-09-28 01:46:26,391 - optimizers - INFO - Generated 3 optimization recommendations
2025-09-28 01:46:27,187 - optimizers - INFO - Generated 3 optimization recommendations
2025-09-28 01:46:27,238 - optimizers - INFO - Generated 3 optimization recommendations
2025-09-28 01:46:27,947 - optimizers - INFO - Generated 3 optimization recommendations
2025-09-28 01:46:29,506 - optimizers - INFO - Generated 3 optimization recommendations
2025-09-28 01:46:31,111 - optimizers - INFO - Generated 3 optimization recommendations
2025-09-28 01:46:32,690 - optimizers - INFO - Generated 3 optimization recommendations
2025-09-28 01:46:34,262 - optimizers - INFO - Generated 3 optimization recommendations
2025-09-28 01:46:35,868 - optimizers - INFO - Generated 3 optimization recommendations
2025-09-28 01:46:36,149 - optimizers - INFO - Generated 3 optimization recommendations
2025-09-28 01:46:36,203 - optimizers - INFO - Generated 3 optimization recommendations
2025-09-28 01:46:37,470 - optimizers - INFO - Generated 3 optimization recommendations
2025-09-28 01:46:38,298 - optimizers - INFO - Generated 3 optimization recommendations
2025-09-28 01:46:38,360 - optimizers - INFO - Generated 2 optimization recommendations
2025-09-28 01:46:39,052 - optimizers - INFO - Generated 2 optimization recommendations
2025-09-28 01:46:40,194 - optimizers - INFO - Generated 2 optimization recommendations
2025-09-28 01:46:40,248 - optimizers - INFO - Generated 1 optimization recommendations
2025-09-28 01:46:40,611 - optimizers - INFO - Generated 1 optimization recommendations
2025-09-28 01:46:42,077 - optimizers - INFO - Generated 1 optimization recommendations
2025-09-28 01:46:42,133 - optimizers - INFO - Generated 1 optimization recommendations
2025-09-28 01:46:42,208 - optimizers - INFO - Generated 1 optimization recommendations
2025-09-28 01:46:43,631 - optimizers - INFO - Generated 1 optimization recommendations
2025-09-28 01:46:43,688 - optimizers - INFO - Generated 0 optimization recommendations
2025-09-28 01:46:43,777 - optimizers - INFO - Generated 0 optimization recommendations
2025-09-28 01:46:45,342 - optimizers - INFO - Generated 0 optimization recommendations
2025-09-28 01:46:46,907 - optimizers - INFO - Generated 0 optimization recommendations
2025-09-28 01:46:48,490 - optimizers - INFO - Generated 0 optimization recommendations
2025-09-28 01:46:50,060 - optimizers - INFO - Generated 0 optimization recommendations
2025-09-28 01:46:51,639 - optimizers - INFO - Generated 0 optimization recommendations
2025-09-28 01:46:53,252 - optimizers - INFO - Generated 0 optimization recommendations
2025-09-28 01:46:54,829 - optimizers - INFO - Generated 0 optimization recommendations
2025-09-28 01:46:56,436 - optimizers - INFO - Generated 0 optimization recommendations
2025-09-28 01:46:58,028 - optimizers - INFO - Generated 0 optimization recommendations
2025-09-28 01:46:59,662 - optimizers - INFO - Generated 0 optimization recommendations
2025-09-28 01:47:01,271 - optimizers - INFO - Generated 0 optimization recommendations
2025-09-28 01:47:02,843 - optimizers - INFO - Generated 0 optimization recommendations
2025-09-28 01:47:04,409 - optimizers - INFO - Generated 0 optimization recommendations
2025-09-28 01:47:05,970 - optimizers - INFO - Generated 0 optimization recommendations
2025-09-28 01:47:07,553 - optimizers - INFO - Generated 0 optimization recommendations
2025-09-28 01:47:09,209 - optimizers - INFO - Generated 0 optimization recommendations
2025-09-28 01:47:10,785 - optimizers - INFO - Generated 0 optimization recommendations
2025-09-28 01:47:12,358 - optimizers - INFO - Generated 0 optimization recommendations
2025-09-28 01:47:13,925 - optimizers - INFO - Generated 0 optimization recommendations
2025-09-28 01:47:15,514 - optimizers - INFO - Generated 0 optimization recommendations
2025-09-28 01:47:17,150 - optimizers - INFO - Generated 0 optimization recommendations
2025-09-28 01:47:18,733 - optimizers - INFO - Generated 0 optimization recommendations
2025-09-28 01:47:20,285 - optimizers - INFO - Generated 0 optimization recommendations
2025-09-28 01:47:21,855 - optimizers - INFO - Generated 0 optimization recommendations
2025-09-28 01:47:23,429 - optimizers - INFO - Generated 0 optimization recommendations
2025-09-28 01:47:24,989 - optimizers - INFO - Generated 0 optimization recommendations
2025-09-28 01:47:26,554 - optimizers - INFO - Generated 0 optimization recommendations
2025-09-28 01:47:28,121 - optimizers - INFO - Generated 0 optimization recommendations
2025-09-28 01:47:29,690 - optimizers - INFO - Generated 0 optimization recommendations
2025-09-28 01:47:31,276 - optimizers - INFO - Generated 0 optimization recommendations
2025-09-28 01:47:32,846 - optimizers - INFO - Generated 0 optimization recommendations
2025-09-28 01:47:34,390 - optimizers - INFO - Generated 0 optimization recommendations
2025-09-28 01:47:35,952 - optimizers - INFO - Generated 0 optimization recommendations
2025-09-28 01:47:37,530 - optimizers - INFO - Generated 0 optimization recommendations
2025-09-28 01:47:39,083 - optimizers - INFO - Generated 0 optimization recommendations
2025-09-28 01:47:40,650 - optimizers - INFO - Generated 0 optimization recommendations
2025-09-28 01:47:42,340 - optimizers - INFO - Generated 0 optimization recommendations
2025-09-28 01:47:43,898 - optimizers - INFO - Generated 0 optimization recommendations
2025-09-28 01:47:45,443 - optimizers - INFO - Generated 0 optimization recommendations
2025-09-28 01:47:46,992 - optimizers - INFO - Generated 0 optimization recommendations
2025-09-28 01:47:48,570 - optimizers - INFO - Generated 0 optimization recommendations
2025-09-28 01:47:50,125 - optimizers - INFO - Generated 0 optimization recommendations
2025-09-28 01:47:51,799 - optimizers - INFO - Generated 0 optimization recommendations
2025-09-28 01:47:53,355 - optimizers - INFO - Generated 0 optimization recommendations
2025-09-28 01:47:54,917 - optimizers - INFO - Generated 0 optimization recommendations
2025-09-28 01:47:56,483 - optimizers - INFO - Generated 0 optimization recommendations
2025-09-28 01:47:58,039 - optimizers - INFO - Generated 0 optimization recommendations
2025-09-28 01:47:59,618 - optimizers - INFO - Generated 0 optimization recommendations
2025-09-28 01:48:01,160 - optimizers - INFO - Generated 0 optimization recommendations
2025-09-28 01:48:02,711 - optimizers - INFO - Generated 0 optimization recommendations
2025-09-28 01:48:04,336 - optimizers - INFO - Generated 0 optimization recommendations
2025-09-28 01:48:05,899 - optimizers - INFO - Generated 0 optimization recommendations
2025-09-28 01:48:07,461 - optimizers - INFO - Generated 0 optimization recommendations
2025-09-28 01:48:09,039 - optimizers - INFO - Generated 0 optimization recommendations
2025-09-28 01:48:10,603 - optimizers - INFO - Generated 0 optimization recommendations
2025-09-28 01:48:12,148 - optimizers - INFO - Generated 0 optimization recommendations
2025-09-28 01:48:13,708 - optimizers - INFO - Generated 0 optimization recommendations
2025-09-28 01:48:15,260 - optimizers - INFO - Generated 0 optimization recommendations
2025-09-28 01:48:16,869 - optimizers - INFO - Generated 0 optimization recommendations
2025-09-28 01:48:18,514 - optimizers - INFO - Generated 0 optimization recommendations
2025-09-28 01:48:20,221 - optimizers - INFO - Generated 0 optimization recommendations
2025-09-28 01:48:21,828 - optimizers - INFO - Generated 0 optimization recommendations
2025-09-28 01:48:23,436 - optimizers - INFO - Generated 0 optimization recommendations
2025-09-28 01:48:25,008 - optimizers - INFO - Generated 0 optimization recommendations
2025-09-28 01:48:26,618 - optimizers - INFO - Generated 0 optimization recommendations
2025-09-28 01:48:28,188 - optimizers - INFO - Generated 0 optimization recommendations
2025-09-28 01:48:29,744 - optimizers - INFO - Generated 0 optimization recommendations
2025-09-28 01:48:31,355 - optimizers - INFO - Generated 0 optimization recommendations
2025-09-28 01:48:33,061 - optimizers - INFO - Generated 0 optimization recommendations
2025-09-28 01:48:34,743 - optimizers - INFO - Generated 0 optimization recommendations
2025-09-28 01:48:36,386 - optimizers - INFO - Generated 0 optimization recommendations
2025-09-28 01:48:38,049 - optimizers - INFO - Generated 0 optimization recommendations
2025-09-28 01:48:39,743 - optimizers - INFO - Generated 0 optimization recommendations
2025-09-28 01:48:41,356 - optimizers - INFO - Generated 0 optimization recommendations
2025-09-28 01:48:43,110 - optimizers - INFO - Generated 0 optimization recommendations
2025-09-28 01:48:44,710 - optimizers - INFO - Generated 0 optimization recommendations
2025-09-28 01:48:46,386 - optimizers - INFO - Generated 0 optimization recommendations
2025-09-28 01:48:48,086 - optimizers - INFO - Generated 0 optimization recommendations
2025-09-28 01:48:49,688 - optimizers - INFO - Generated 0 optimization recommendations
2025-09-28 01:48:51,493 - optimizers - INFO - Generated 0 optimization recommendations
2025-09-28 01:48:53,183 - optimizers - INFO - Generated 0 optimization recommendations
2025-09-28 01:48:54,857 - optimizers - INFO - Generated 0 optimization recommendations
2025-09-28 01:48:56,553 - optimizers - INFO - Generated 0 optimization recommendations
2025-09-28 01:48:58,262 - optimizers - INFO - Generated 0 optimization recommendations
2025-09-28 01:48:59,914 - optimizers - INFO - Generated 0 optimization recommendations
2025-09-28 01:49:01,518 - optimizers - INFO - Generated 0 optimization recommendations
2025-09-28 01:49:03,141 - optimizers - INFO - Generated 0 optimization recommendations
2025-09-28 01:49:04,782 - optimizers - INFO - Generated 0 optimization recommendations
2025-09-28 01:49:06,381 - optimizers - INFO - Generated 0 optimization recommendations
2025-09-28 01:49:08,118 - optimizers - INFO - Generated 0 optimization recommendations
2025-09-28 01:49:09,843 - optimizers - INFO - Generated 0 optimization recommendations
2025-09-28 01:49:11,539 - optimizers - INFO - Generated 0 optimization recommendations
2025-09-28 01:49:13,244 - optimizers - INFO - Generated 0 optimization recommendations
2025-09-28 01:49:14,833 - optimizers - INFO - Generated 0 optimization recommendations
2025-09-28 01:49:16,579 - optimizers - INFO - Generated 0 optimization recommendations
2025-09-28 01:49:18,289 - optimizers - INFO - Generated 0 optimization recommendations
2025-09-28 01:49:19,926 - optimizers - INFO - Generated 0 optimization recommendations
2025-09-28 01:49:21,632 - optimizers - INFO - Generated 0 optimization recommendations
2025-09-28 01:49:23,334 - optimizers - INFO - Generated 0 optimization recommendations
2025-09-28 01:49:24,996 - optimizers - INFO - Generated 0 optimization recommendations
2025-09-28 01:49:26,698 - optimizers - INFO - Generated 0 optimization recommendations
2025-09-28 01:49:28,374 - optimizers - INFO - Generated 0 optimization recommendations
2025-09-28 01:49:30,080 - optimizers - INFO - Generated 0 optimization recommendations
2025-09-28 01:49:31,800 - optimizers - INFO - Generated 0 optimization recommendations
2025-09-28 01:49:33,517 - optimizers - INFO - Generated 0 optimization recommendations
2025-09-28 01:49:35,204 - optimizers - INFO - Generated 0 optimization recommendations
2025-09-28 01:49:36,922 - optimizers - INFO - Generated 0 optimization recommendations
2025-09-28 01:49:38,668 - optimizers - INFO - Generated 0 optimization recommendations
2025-09-28 01:49:40,368 - optimizers - INFO - Generated 0 optimization recommendations
2025-09-28 01:49:42,057 - optimizers - INFO - Generated 0 optimization recommendations
2025-09-28 01:49:43,790 - optimizers - INFO - Generated 0 optimization recommendations
2025-09-28 01:49:45,386 - optimizers - INFO - Generated 0 optimization recommendations
2025-09-28 01:49:47,044 - optimizers - INFO - Generated 0 optimization recommendations
2025-09-28 01:49:48,657 - optimizers - INFO - Generated 0 optimization recommendations
2025-09-28 01:49:50,350 - optimizers - INFO - Generated 0 optimization recommendations
2025-09-28 01:49:52,028 - optimizers - INFO - Generated 0 optimization recommendations
2025-09-28 01:49:53,708 - optimizers - INFO - Generated 0 optimization recommendations
2025-09-28 01:49:55,433 - optimizers - INFO - Generated 0 optimization recommendations
2025-09-28 01:49:57,102 - optimizers - INFO - Generated 0 optimization recommendations
2025-09-28 01:49:58,806 - optimizers - INFO - Generated 0 optimization recommendations
2025-09-28 01:50:00,492 - optimizers - INFO - Generated 0 optimization recommendations
2025-09-28 01:50:02,178 - optimizers - INFO - Generated 0 optimization recommendations
2025-09-28 01:50:03,861 - optimizers - INFO - Generated 0 optimization recommendations
2025-09-28 01:50:05,590 - optimizers - INFO - Generated 0 optimization recommendations
2025-09-28 01:50:07,289 - optimizers - INFO - Generated 0 optimization recommendations
2025-09-28 01:50:08,874 - optimizers - INFO - Generated 0 optimization recommendations
2025-09-28 01:50:10,554 - optimizers - INFO - Generated 0 optimization recommendations
2025-09-28 01:50:12,251 - optimizers - INFO - Generated 0 optimization recommendations
2025-09-28 01:50:13,908 - optimizers - INFO - Generated 0 optimization recommendations
2025-09-28 01:50:15,525 - optimizers - INFO - Generated 0 optimization recommendations
2025-09-28 01:50:17,116 - optimizers - INFO - Generated 0 optimization recommendations
2025-09-28 01:50:18,748 - optimizers - INFO - Generated 0 optimization recommendations
2025-09-28 01:50:20,400 - optimizers - INFO - Generated 0 optimization recommendations
2025-09-28 01:50:21,989 - optimizers - INFO - Generated 0 optimization recommendations
2025-09-28 01:50:23,711 - optimizers - INFO - Generated 0 optimization recommendations
2025-09-28 01:50:25,382 - optimizers - INFO - Generated 0 optimization recommendations
2025-09-28 01:50:27,095 - optimizers - INFO - Generated 0 optimization recommendations
2025-09-28 01:50:28,744 - optimizers - INFO - Generated 0 optimization recommendations
2025-09-28 01:50:30,499 - optimizers - INFO - Generated 0 optimization recommendations
2025-09-28 01:50:32,196 - optimizers - INFO - Generated 0 optimization recommendations
2025-09-28 01:50:33,779 - optimizers - INFO - Generated 0 optimization recommendations
2025-09-28 01:50:35,428 - optimizers - INFO - Generated 0 optimization recommendations
2025-09-28 01:50:37,068 - optimizers - INFO - Generated 0 optimization recommendations
2025-09-28 01:50:38,657 - optimizers - INFO - Generated 0 optimization recommendations
2025-09-28 01:50:40,320 - optimizers - INFO - Generated 0 optimization recommendations
2025-09-28 01:50:41,976 - optimizers - INFO - Generated 0 optimization recommendations
2025-09-28 01:50:43,665 - optimizers - INFO - Generated 0 optimization recommendations
2025-09-28 01:50:45,403 - optimizers - INFO - Generated 0 optimization recommendations
2025-09-28 01:50:47,079 - optimizers - INFO - Generated 0 optimization recommendations
2025-09-28 01:50:48,752 - optimizers - INFO - Generated 0 optimization recommendations
2025-09-28 01:50:50,408 - optimizers - INFO - Generated 0 optimization recommendations
2025-09-28 01:50:52,126 - optimizers - INFO - Generated 0 optimization recommendations
2025-09-28 01:50:53,719 - optimizers - INFO - Generated 0 optimization recommendations
2025-09-28 01:50:55,320 - optimizers - INFO - Generated 0 optimization recommendations
2025-09-28 01:50:56,944 - optimizers - INFO - Generated 0 optimization recommendations
2025-09-28 01:50:58,558 - optimizers - INFO - Generated 0 optimization recommendations
2025-09-28 01:51:00,244 - optimizers - INFO - Generated 0 optimization recommendations
2025-09-28 01:51:01,917 - optimizers - INFO - Generated 0 optimization recommendations
2025-09-28 01:51:03,615 - optimizers - INFO - Generated 0 optimization recommendations
2025-09-28 01:51:05,222 - optimizers - INFO - Generated 0 optimization recommendations
2025-09-28 01:51:06,908 - optimizers - INFO - Generated 0 optimization recommendations
2025-09-28 01:51:08,684 - optimizers - INFO - Generated 0 optimization recommendations
2025-09-28 01:51:10,362 - optimizers - INFO - Generated 0 optimization recommendations
2025-09-28 01:51:11,953 - optimizers - INFO - Generated 0 optimization recommendations
2025-09-28 01:51:13,616 - optimizers - INFO - Generated 0 optimization recommendations
2025-09-28 01:51:15,352 - optimizers - INFO - Generated 0 optimization recommendations
2025-09-28 01:51:17,023 - optimizers - INFO - Generated 0 optimization recommendations
2025-09-28 01:51:18,737 - optimizers - INFO - Generated 0 optimization recommendations
2025-09-28 01:51:20,442 - optimizers - INFO - Generated 0 optimization recommendations
2025-09-28 01:51:22,153 - optimizers - INFO - Generated 0 optimization recommendations
2025-09-28 01:51:23,844 - optimizers - INFO - Generated 0 optimization recommendations
2025-09-28 01:51:25,565 - optimizers - INFO - Generated 0 optimization recommendations
2025-09-28 01:51:27,198 - optimizers - INFO - Generated 0 optimization recommendations
2025-09-28 01:51:28,796 - optimizers - INFO - Generated 0 optimization recommendations
2025-09-28 01:51:30,480 - optimizers - INFO - Generated 0 optimization recommendations
2025-09-28 01:51:32,084 - optimizers - INFO - Generated 0 optimization recommendations
2025-09-28 01:51:33,803 - optimizers - INFO - Generated 0 optimization recommendations
2025-09-28 01:51:35,494 - optimizers - INFO - Generated 0 optimization recommendations
2025-09-28 01:51:37,212 - optimizers - INFO - Generated 0 optimization recommendations
2025-09-28 01:51:38,892 - optimizers - INFO - Generated 0 optimization recommendations
2025-09-28 01:51:40,627 - optimizers - INFO - Generated 0 optimization recommendations
2025-09-28 01:51:42,351 - optimizers - INFO - Generated 0 optimization recommendations
2025-09-28 01:51:43,962 - optimizers - INFO - Generated 0 optimization recommendations
2025-09-28 01:51:45,643 - optimizers - INFO - Generated 0 optimization recommendations
2025-09-28 01:51:47,352 - optimizers - INFO - Generated 0 optimization recommendations
2025-09-28 01:51:48,957 - optimizers - INFO - Generated 0 optimization recommendations
2025-09-28 01:51:50,550 - optimizers - INFO - Generated 0 optimization recommendations
2025-09-28 01:51:52,271 - optimizers - INFO - Generated 0 optimization recommendations
2025-09-28 01:51:54,001 - optimizers - INFO - Generated 0 optimization recommendations
2025-09-28 01:51:55,701 - optimizers - INFO - Generated 0 optimization recommendations
2025-09-28 01:51:57,289 - optimizers - INFO - Generated 0 optimization recommendations
2025-09-28 01:51:58,988 - optimizers - INFO - Generated 0 optimization recommendations
2025-09-28 01:52:00,578 - optimizers - INFO - Generated 0 optimization recommendations
2025-09-28 01:52:02,258 - optimizers - INFO - Generated 0 optimization recommendations
2025-09-28 01:52:03,867 - optimizers - INFO - Generated 0 optimization recommendations
2025-09-28 01:52:05,589 - optimizers - INFO - Generated 0 optimization recommendations
2025-09-28 01:52:07,187 - optimizers - INFO - Generated 0 optimization recommendations
2025-09-28 01:52:08,771 - optimizers - INFO - Generated 0 optimization recommendations
2025-09-28 01:52:10,437 - optimizers - INFO - Generated 0 optimization recommendations
2025-09-28 01:52:12,130 - optimizers - INFO - Generated 0 optimization recommendations
2025-09-28 01:52:13,717 - optimizers - INFO - Generated 0 optimization recommendations
2025-09-28 01:52:15,361 - optimizers - INFO - Generated 0 optimization recommendations
2025-09-28 01:52:17,059 - optimizers - INFO - Generated 0 optimization recommendations
2025-09-28 01:52:18,788 - optimizers - INFO - Generated 0 optimization recommendations
2025-09-28 01:52:20,529 - optimizers - INFO - Generated 0 optimization recommendations
2025-09-28 01:52:22,224 - optimizers - INFO - Generated 0 optimization recommendations
2025-09-28 01:52:23,832 - optimizers - INFO - Generated 0 optimization recommendations
2025-09-28 01:52:25,551 - optimizers - INFO - Generated 0 optimization recommendations
2025-09-28 01:52:27,147 - optimizers - INFO - Generated 0 optimization recommendations
2025-09-28 01:52:28,833 - optimizers - INFO - Generated 0 optimization recommendations
2025-09-28 01:52:30,506 - optimizers - INFO - Generated 0 optimization recommendations
2025-09-28 01:52:32,101 - optimizers - INFO - Generated 0 optimization recommendations
2025-09-28 01:52:33,839 - optimizers - INFO - Generated 0 optimization recommendations
2025-09-28 01:52:35,535 - optimizers - INFO - Generated 0 optimization recommendations
2025-09-28 01:52:37,134 - optimizers - INFO - Generated 0 optimization recommendations
2025-09-28 01:52:38,765 - optimizers - INFO - Generated 0 optimization recommendations
2025-09-28 01:52:40,483 - optimizers - INFO - Generated 0 optimization recommendations
2025-09-28 01:52:42,145 - optimizers - INFO - Generated 0 optimization recommendations
2025-09-28 01:52:43,818 - optimizers - INFO - Generated 0 optimization recommendations
2025-09-28 01:52:45,468 - optimizers - INFO - Generated 0 optimization recommendations
2025-09-28 01:52:47,058 - optimizers - INFO - Generated 0 optimization recommendations
2025-09-28 01:52:48,761 - optimizers - INFO - Generated 0 optimization recommendations
2025-09-28 01:52:50,478 - optimizers - INFO - Generated 0 optimization recommendations
2025-09-28 01:52:52,184 - optimizers - INFO - Generated 0 optimization recommendations
2025-09-28 01:52:53,779 - optimizers - INFO - Generated 0 optimization recommendations
2025-09-28 01:52:55,396 - optimizers - INFO - Generated 0 optimization recommendations
2025-09-28 01:52:57,050 - optimizers - INFO - Generated 0 optimization recommendations
2025-09-28 01:52:58,713 - optimizers - INFO - Generated 0 optimization recommendations
2025-09-28 01:53:00,416 - optimizers - INFO - Generated 0 optimization recommendations
2025-09-28 01:53:02,041 - optimizers - INFO - Generated 0 optimization recommendations
2025-09-28 01:53:03,626 - optimizers - INFO - Generated 0 optimization recommendations
2025-09-28 01:53:05,267 - optimizers - INFO - Generated 0 optimization recommendations
2025-09-28 01:53:06,995 - optimizers - INFO - Generated 0 optimization recommendations
2025-09-28 01:53:08,733 - optimizers - INFO - Generated 0 optimization recommendations
2025-09-28 01:53:10,384 - optimizers - INFO - Generated 0 optimization recommendations
2025-09-28 01:53:12,077 - optimizers - INFO - Generated 0 optimization recommendations
2025-09-28 01:53:13,755 - optimizers - INFO - Generated 0 optimization recommendations
2025-09-28 01:53:15,427 - optimizers - INFO - Generated 0 optimization recommendations
2025-09-28 01:53:17,014 - optimizers - INFO - Generated 0 optimization recommendations
2025-09-28 01:53:18,572 - optimizers - INFO - Generated 0 optimization recommendations
2025-09-28 01:53:20,128 - optimizers - INFO - Generated 0 optimization recommendations
2025-09-28 01:53:21,676 - optimizers - INFO - Generated 0 optimization recommendations
2025-09-28 01:53:23,243 - optimizers - INFO - Generated 0 optimization recommendations
2025-09-28 01:53:24,800 - optimizers - INFO - Generated 0 optimization recommendations
2025-09-28 01:53:26,341 - optimizers - INFO - Generated 0 optimization recommendations
2025-09-28 01:53:27,903 - optimizers - INFO - Generated 0 optimization recommendations
2025-09-28 01:53:29,456 - optimizers - INFO - Generated 0 optimization recommendations
2025-09-28 01:53:31,004 - optimizers - INFO - Generated 0 optimization recommendations
2025-09-28 01:53:32,558 - optimizers - INFO - Generated 0 optimization recommendations
2025-09-28 01:53:34,117 - optimizers - INFO - Generated 0 optimization recommendations
2025-09-28 01:53:35,676 - optimizers - INFO - Generated 0 optimization recommendations
2025-09-28 01:53:37,220 - optimizers - INFO - Generated 0 optimization recommendations
2025-09-28 01:53:38,781 - optimizers - INFO - Generated 0 optimization recommendations
2025-09-28 01:53:40,327 - optimizers - INFO - Generated 0 optimization recommendations
2025-09-28 01:53:41,894 - optimizers - INFO - Generated 0 optimization recommendations
2025-09-28 01:53:43,463 - optimizers - INFO - Generated 0 optimization recommendations
2025-09-28 01:53:45,040 - optimizers - INFO - Generated 0 optimization recommendations
2025-09-28 01:53:46,608 - optimizers - INFO - Generated 0 optimization recommendations
2025-09-28 01:53:48,180 - optimizers - INFO - Generated 0 optimization recommendations
2025-09-28 01:53:49,746 - optimizers - INFO - Generated 0 optimization recommendations
2025-09-28 01:53:51,329 - optimizers - INFO - Generated 0 optimization recommendations
2025-09-28 01:53:52,877 - optimizers - INFO - Generated 0 optimization recommendations
2025-09-28 01:53:54,430 - optimizers - INFO - Generated 0 optimization recommendations
2025-09-28 01:53:55,966 - optimizers - INFO - Generated 0 optimization recommendations
2025-09-28 01:53:57,503 - optimizers - INFO - Generated 0 optimization recommendations
2025-09-28 01:53:59,044 - optimizers - INFO - Generated 0 optimization recommendations
2025-09-28 01:54:00,602 - optimizers - INFO - Generated 0 optimization recommendations
2025-09-28 01:54:02,152 - optimizers - INFO - Generated 0 optimization recommendations
2025-09-28 01:54:03,710 - optimizers - INFO - Generated 0 optimization recommendations
2025-09-28 01:54:05,298 - optimizers - INFO - Generated 0 optimization recommendations
2025-09-28 01:54:06,845 - optimizers - INFO - Generated 0 optimization recommendations
2025-09-28 01:54:08,398 - optimizers - INFO - Generated 0 optimization recommendations
2025-09-28 01:54:09,945 - optimizers - INFO - Generated 0 optimization recommendations
2025-09-28 01:54:11,500 - optimizers - INFO - Generated 0 optimization recommendations
2025-09-28 01:54:13,051 - optimizers - INFO - Generated 0 optimization recommendations
2025-09-28 01:54:14,613 - optimizers - INFO - Generated 0 optimization recommendations
2025-09-28 01:54:16,290 - optimizers - INFO - Generated 0 optimization recommendations
2025-09-28 01:54:17,829 - optimizers - INFO - Generated 0 optimization recommendations
2025-09-28 01:54:19,401 - optimizers - INFO - Generated 0 optimization recommendations
2025-09-28 01:54:20,972 - optimizers - INFO - Generated 0 optimization recommendations
2025-09-28 01:54:22,538 - optimizers - INFO - Generated 0 optimization recommendations
2025-09-28 01:54:24,105 - optimizers - INFO - Generated 0 optimization recommendations
2025-09-28 01:54:25,678 - optimizers - INFO - Generated 0 optimization recommendations
2025-09-28 01:54:27,251 - optimizers - INFO - Generated 0 optimization recommendations
2025-09-28 01:54:28,800 - optimizers - INFO - Generated 0 optimization recommendations
2025-09-28 01:54:30,494 - optimizers - INFO - Generated 0 optimization recommendations
2025-09-28 01:54:32,054 - optimizers - INFO - Generated 0 optimization recommendations
2025-09-28 01:54:33,747 - optimizers - INFO - Generated 0 optimization recommendations
2025-09-28 01:54:35,469 - optimizers - INFO - Generated 0 optimization recommendations
2025-09-28 01:54:37,195 - optimizers - INFO - Generated 0 optimization recommendations
2025-09-28 01:54:38,891 - optimizers - INFO - Generated 0 optimization recommendations
2025-09-28 01:54:40,620 - optimizers - INFO - Generated 0 optimization recommendations
2025-09-28 01:54:42,353 - optimizers - INFO - Generated 0 optimization recommendations
2025-09-28 01:54:44,072 - optimizers - INFO - Generated 0 optimization recommendations
2025-09-28 01:54:45,774 - optimizers - INFO - Generated 0 optimization recommendations
2025-09-28 01:54:47,468 - optimizers - INFO - Generated 0 optimization recommendations
2025-09-28 01:54:49,061 - optimizers - INFO - Generated 0 optimization recommendations
2025-09-28 01:54:50,672 - optimizers - INFO - Generated 0 optimization recommendations
2025-09-28 01:54:52,392 - optimizers - INFO - Generated 0 optimization recommendations
2025-09-28 01:54:53,975 - optimizers - INFO - Generated 0 optimization recommendations
2025-09-28 01:54:55,698 - optimizers - INFO - Generated 0 optimization recommendations
2025-09-28 01:54:57,405 - optimizers - INFO - Generated 0 optimization recommendations
2025-09-28 01:54:59,107 - optimizers - INFO - Generated 0 optimization recommendations
2025-09-28 01:55:00,788 - optimizers - INFO - Generated 0 optimization recommendations
2025-09-28 01:55:02,498 - optimizers - INFO - Generated 0 optimization recommendations
2025-09-28 01:55:04,162 - optimizers - INFO - Generated 0 optimization recommendations
2025-09-28 01:55:05,835 - optimizers - INFO - Generated 0 optimization recommendations
2025-09-28 01:55:07,489 - optimizers - INFO - Generated 0 optimization recommendations
2025-09-28 01:55:09,145 - optimizers - INFO - Generated 0 optimization recommendations
2025-09-28 01:55:10,844 - optimizers - INFO - Generated 0 optimization recommendations
2025-09-28 01:55:12,537 - optimizers - INFO - Generated 0 optimization recommendations
2025-09-28 01:55:14,237 - optimizers - INFO - Generated 0 optimization recommendations
2025-09-28 01:55:15,918 - optimizers - INFO - Generated 0 optimization recommendations
2025-09-28 01:55:17,688 - optimizers - INFO - Generated 0 optimization recommendations
2025-09-28 01:55:19,403 - optimizers - INFO - Generated 0 optimization recommendations
2025-09-28 01:55:21,103 - optimizers - INFO - Generated 0 optimization recommendations
2025-09-28 01:55:22,756 - optimizers - INFO - Generated 0 optimization recommendations
2025-09-28 01:55:24,471 - optimizers - INFO - Generated 0 optimization recommendations
2025-09-28 01:55:26,071 - optimizers - INFO - Generated 0 optimization recommendations
2025-09-28 01:55:27,766 - optimizers - INFO - Generated 0 optimization recommendations
2025-09-28 01:55:29,445 - optimizers - INFO - Generated 0 optimization recommendations
2025-09-28 01:55:31,168 - optimizers - INFO - Generated 0 optimization recommendations
2025-09-28 01:55:32,853 - optimizers - INFO - Generated 0 optimization recommendations
2025-09-28 01:55:34,548 - optimizers - INFO - Generated 0 optimization recommendations
2025-09-28 01:55:36,134 - optimizers - INFO - Generated 0 optimization recommendations
2025-09-28 01:55:37,841 - optimizers - INFO - Generated 0 optimization recommendations
2025-09-28 01:55:39,442 - optimizers - INFO - Generated 0 optimization recommendations
2025-09-28 01:55:41,148 - optimizers - INFO - Generated 0 optimization recommendations
2025-09-28 01:55:42,857 - optimizers - INFO - Generated 0 optimization recommendations
2025-09-28 01:55:44,580 - optimizers - INFO - Generated 0 optimization recommendations
2025-09-28 01:55:46,259 - optimizers - INFO - Generated 0 optimization recommendations
2025-09-28 01:55:47,988 - optimizers - INFO - Generated 0 optimization recommendations
2025-09-28 01:55:49,629 - optimizers - INFO - Generated 0 optimization recommendations
2025-09-28 01:55:51,298 - optimizers - INFO - Generated 0 optimization recommendations
2025-09-28 01:55:52,970 - optimizers - INFO - Generated 0 optimization recommendations
2025-09-28 01:55:54,681 - optimizers - INFO - Generated 0 optimization recommendations
2025-09-28 01:55:56,443 - optimizers - INFO - Generated 0 optimization recommendations
2025-09-28 01:55:58,162 - optimizers - INFO - Generated 0 optimization recommendations
2025-09-28 01:55:59,809 - optimizers - INFO - Generated 0 optimization recommendations
2025-09-28 01:56:01,439 - optimizers - INFO - Generated 0 optimization recommendations
2025-09-28 01:56:03,078 - optimizers - INFO - Generated 0 optimization recommendations
2025-09-28 01:56:04,703 - optimizers - INFO - Generated 0 optimization recommendations
2025-09-28 01:56:06,434 - optimizers - INFO - Generated 0 optimization recommendations
2025-09-28 01:56:08,173 - optimizers - INFO - Generated 0 optimization recommendations
2025-09-28 01:56:09,800 - optimizers - INFO - Generated 0 optimization recommendations
2025-09-28 01:56:11,451 - optimizers - INFO - Generated 0 optimization recommendations
2025-09-28 01:56:13,123 - optimizers - INFO - Generated 0 optimization recommendations
2025-09-28 01:56:14,848 - optimizers - INFO - Generated 0 optimization recommendations
2025-09-28 01:56:16,574 - optimizers - INFO - Generated 0 optimization recommendations
2025-09-28 01:56:18,208 - optimizers - INFO - Generated 0 optimization recommendations
2025-09-28 01:56:19,797 - optimizers - INFO - Generated 0 optimization recommendations
2025-09-28 01:56:21,515 - optimizers - INFO - Generated 0 optimization recommendations
2025-09-28 01:56:23,156 - optimizers - INFO - Generated 0 optimization recommendations
2025-09-28 01:56:24,773 - optimizers - INFO - Generated 0 optimization recommendations
2025-09-28 01:56:26,365 - optimizers - INFO - Generated 0 optimization recommendations
2025-09-28 01:56:28,080 - optimizers - INFO - Generated 0 optimization recommendations
2025-09-28 01:56:29,699 - optimizers - INFO - Generated 0 optimization recommendations
2025-09-28 01:56:31,379 - optimizers - INFO - Generated 0 optimization recommendations
2025-09-28 01:56:33,022 - optimizers - INFO - Generated 0 optimization recommendations
2025-09-28 01:56:34,760 - optimizers - INFO - Generated 0 optimization recommendations
2025-09-28 01:56:36,475 - optimizers - INFO - Generated 0 optimization recommendations
2025-09-28 01:56:38,174 - optimizers - INFO - Generated 0 optimization recommendations
2025-09-28 01:56:39,902 - optimizers - INFO - Generated 0 optimization recommendations
2025-09-28 01:56:41,490 - optimizers - INFO - Generated 0 optimization recommendations
2025-09-28 01:56:43,093 - optimizers - INFO - Generated 0 optimization recommendations
2025-09-28 01:56:44,779 - optimizers - INFO - Generated 0 optimization recommendations
2025-09-28 01:56:46,407 - optimizers - INFO - Generated 0 optimization recommendations
2025-09-28 01:56:48,107 - optimizers - INFO - Generated 0 optimization recommendations
2025-09-28 01:56:49,762 - optimizers - INFO - Generated 0 optimization recommendations
2025-09-28 01:56:51,487 - optimizers - INFO - Generated 0 optimization recommendations
2025-09-28 01:56:53,214 - optimizers - INFO - Generated 0 optimization recommendations
2025-09-28 01:56:54,875 - optimizers - INFO - Generated 0 optimization recommendations
2025-09-28 01:56:55,119 - __main__ - INFO - WebSocket connection closed
2025-09-28 01:56:55,132 - __main__ - INFO - WebSocket connection closed
2025-09-28 01:56:55,233 - __main__ - INFO - Shutting down system...
